[debug] [2026-02-14T02:53:11.580Z] ----------------------------------------------------------------------
[debug] [2026-02-14T02:53:11.582Z] Command:       /Users/qing/.nvm/versions/node/v20.19.6/bin/node /Users/qing/.nvm/versions/node/v20.19.6/bin/firebase init
[debug] [2026-02-14T02:53:11.582Z] CLI Version:   15.6.0
[debug] [2026-02-14T02:53:11.582Z] Platform:      darwin
[debug] [2026-02-14T02:53:11.582Z] Node Version:  v20.19.6
[debug] [2026-02-14T02:53:11.582Z] Time:          Sat Feb 14 2026 10:53:11 GMT+0800 (China Standard Time)
[debug] [2026-02-14T02:53:11.582Z] ----------------------------------------------------------------------
[debug] 
[debug] [2026-02-14T02:53:11.583Z] >>> [apiv2][query] GET https://firebase-public.firebaseio.com/cli.json [none]
[info] 
     ######## #### ########  ######## ########     ###     ######  ########
     ##        ##  ##     ## ##       ##     ##  ##   ##  ##       ##
     ######    ##  ########  ######   ########  #########  ######  ######
     ##        ##  ##    ##  ##       ##     ## ##     ##       ## ##
     ##       #### ##     ## ######## ########  ##     ##  ######  ########

You're about to initialize a Firebase project in this directory:

  /Users/qing/Documents/Amka/construction-web

[debug] [2026-02-14T02:53:12.735Z] <<< [apiv2][status] GET https://firebase-public.firebaseio.com/cli.json 200
[debug] [2026-02-14T02:53:12.736Z] <<< [apiv2][body] GET https://firebase-public.firebaseio.com/cli.json {"cloudBuildErrorAfter":1594252800000,"cloudBuildWarnAfter":1590019200000,"defaultNode10After":1594252800000,"minVersion":"3.0.5","node8DeploysDisabledAfter":1613390400000,"node8RuntimeDisabledAfter":1615809600000,"node8WarnAfter":1600128000000}
[info] 
=== Project Setup
[info] 
[info] First, let's associate this project directory with a Firebase project.
[info] You can create multiple project aliases by running firebase use --add, 
[info] 
